<?xml version="1.0" encoding="UTF-8"?>
<testng-results skipped="0" failed="1" total="1" passed="0">
  <reporter-output>
  </reporter-output>
  <suite name="Default suite" duration-ms="157655" started-at="2016-08-14T13:23:14Z" finished-at="2016-08-14T13:25:52Z">
    <groups>
    </groups>
    <test name="Default test" duration-ms="157655" started-at="2016-08-14T13:23:14Z" finished-at="2016-08-14T13:25:52Z">
      <class name="testcases.TC007_MergeLead">
        <test-method status="PASS" signature="beforeSuite()[pri:0, instance:testcases.TC007_MergeLead@e26948]" name="beforeSuite" is-config="true" duration-ms="796" started-at="2016-08-14T18:53:13Z" finished-at="2016-08-14T18:53:14Z">
          <reporter-output>
          </reporter-output>
        </test-method> <!-- beforeSuite -->
        <test-method status="PASS" signature="beforeTest()[pri:0, instance:testcases.TC007_MergeLead@e26948]" name="beforeTest" is-config="true" duration-ms="0" started-at="2016-08-14T18:53:14Z" finished-at="2016-08-14T18:53:14Z">
          <reporter-output>
          </reporter-output>
        </test-method> <!-- beforeTest -->
        <test-method status="PASS" signature="beforeClass()[pri:0, instance:testcases.TC007_MergeLead@e26948]" name="beforeClass" is-config="true" duration-ms="1" started-at="2016-08-14T18:53:14Z" finished-at="2016-08-14T18:53:14Z">
          <reporter-output>
          </reporter-output>
        </test-method> <!-- beforeClass -->
        <test-method status="PASS" signature="beforeMethod()[pri:0, instance:testcases.TC007_MergeLead@e26948]" name="beforeMethod" is-config="true" duration-ms="32303" started-at="2016-08-14T18:53:15Z" finished-at="2016-08-14T18:53:47Z">
          <reporter-output>
          </reporter-output>
        </test-method> <!-- beforeMethod -->
        <test-method status="FAIL" signature="login(java.lang.String, java.lang.String, java.lang.String, java.lang.String, java.lang.String, java.lang.String)[pri:0, instance:testcases.TC007_MergeLead@e26948]" name="login" duration-ms="122030" started-at="2016-08-14T18:53:47Z" data-provider="fetchData" finished-at="2016-08-14T18:55:50Z">
          <params>
            <param index="0">
              <value>
                <![CDATA[DemoSalesManager]]>
              </value>
            </param>
            <param index="1">
              <value>
                <![CDATA[crmsfa]]>
              </value>
            </param>
            <param index="2">
              <value>
                <![CDATA[Demo Sales Manager]]>
              </value>
            </param>
            <param index="3">
              <value>
                <![CDATA[Micheal]]>
              </value>
            </param>
            <param index="4">
              <value>
                <![CDATA[Anna]]>
              </value>
            </param>
            <param index="5">
              <value>
                <![CDATA[No records to display]]>
              </value>
            </param>
          </params>
          <exception class="java.lang.RuntimeException">
            <message>
              <![CDATA[FAILED]]>
            </message>
            <full-stacktrace>
              <![CDATA[java.lang.RuntimeException: FAILED
	at utils.Reporter.reportStep(Reporter.java:38)
	at pages.ViewLead.<init>(ViewLead.java:10)
	at pages.AlertWindow.accept_Alert(AlertWindow.java:15)
	at testcases.TC007_MergeLead.login(TC007_MergeLead.java:42)
	at sun.reflect.NativeMethodAccessorImpl.invoke0(Native Method)
	at sun.reflect.NativeMethodAccessorImpl.invoke(NativeMethodAccessorImpl.java:62)
	at sun.reflect.DelegatingMethodAccessorImpl.invoke(DelegatingMethodAccessorImpl.java:43)
	at java.lang.reflect.Method.invoke(Method.java:483)
	at org.testng.internal.MethodInvocationHelper.invokeMethod(MethodInvocationHelper.java:86)
	at org.testng.internal.Invoker.invokeMethod(Invoker.java:646)
	at org.testng.internal.Invoker.invokeTestMethod(Invoker.java:823)
	at org.testng.internal.Invoker.invokeTestMethods(Invoker.java:1131)
	at org.testng.internal.TestMethodWorker.invokeTestMethods(TestMethodWorker.java:129)
	at org.testng.internal.TestMethodWorker.run(TestMethodWorker.java:112)
	at org.testng.TestRunner.privateRun(TestRunner.java:778)
	at org.testng.TestRunner.run(TestRunner.java:632)
	at org.testng.SuiteRunner.runTest(SuiteRunner.java:366)
	at org.testng.SuiteRunner.runSequentially(SuiteRunner.java:361)
	at org.testng.SuiteRunner.privateRun(SuiteRunner.java:319)
	at org.testng.SuiteRunner.run(SuiteRunner.java:268)
	at org.testng.SuiteRunnerWorker.runSuite(SuiteRunnerWorker.java:52)
	at org.testng.SuiteRunnerWorker.run(SuiteRunnerWorker.java:86)
	at org.testng.TestNG.runSuitesSequentially(TestNG.java:1225)
	at org.testng.TestNG.runSuitesLocally(TestNG.java:1150)
	at org.testng.TestNG.runSuites(TestNG.java:1075)
	at org.testng.TestNG.run(TestNG.java:1047)
	at org.testng.remote.AbstractRemoteTestNG.run(AbstractRemoteTestNG.java:126)
	at org.testng.remote.RemoteTestNG.initAndRun(RemoteTestNG.java:137)
	at org.testng.remote.RemoteTestNG.main(RemoteTestNG.java:58)
]]>
            </full-stacktrace>
          </exception> <!-- java.lang.RuntimeException -->
          <reporter-output>
          </reporter-output>
        </test-method> <!-- login -->
        <test-method status="PASS" signature="afterMethod()[pri:0, instance:testcases.TC007_MergeLead@e26948]" name="afterMethod" is-config="true" duration-ms="2156" started-at="2016-08-14T18:55:50Z" finished-at="2016-08-14T18:55:52Z">
          <reporter-output>
          </reporter-output>
        </test-method> <!-- afterMethod -->
        <test-method status="PASS" signature="afterTest()[pri:0, instance:testcases.TC007_MergeLead@e26948]" name="afterTest" is-config="true" duration-ms="0" started-at="2016-08-14T18:55:52Z" finished-at="2016-08-14T18:55:52Z">
          <reporter-output>
          </reporter-output>
        </test-method> <!-- afterTest -->
        <test-method status="PASS" signature="afterSuite()[pri:0, instance:testcases.TC007_MergeLead@e26948]" name="afterSuite" is-config="true" duration-ms="855" started-at="2016-08-14T18:55:52Z" finished-at="2016-08-14T18:55:53Z">
          <reporter-output>
          </reporter-output>
        </test-method> <!-- afterSuite -->
      </class> <!-- testcases.TC007_MergeLead -->
    </test> <!-- Default test -->
  </suite> <!-- Default suite -->
</testng-results>
